!!! NOTES !!!

1. Report generated using raw LanguageDetectorBuilder.from_all_languages().with_preloaded_language_models().build() detector

!!! END NOTED !!!

NLP configured in: 3.425929546356201 s

TEST MODULE: Language detection accuracy:

Language detection on PERIODS:

Report generated on ENGLISH language detection test batch:
Input:
    - Words: 5
    - Periods: 5
    - Total: 10
Computed language detection accuracy:
    - Words accuracy: 0.2
    - Periods accuracy: 1.0
    - Batch accuracy: 0.6
Execution time: 0.40775489807128906 s
Average detection time for single input: 40.775489807128906 ms

Report generated on ITALIAN language detection test batch:
Input:
    - Words: 5
    - Periods: 5
    - Total: 10
Computed language detection accuracy:
    - Words accuracy: 0.4
    - Periods accuracy: 1.0
    - Batch accuracy: 0.7
Execution time: 0.1883537769317627 s
Average detection time for single input: 18.83537769317627 ms

Report generated on SPANISH language detection test batch:
Input:
    - Words: 5
    - Periods: 5
    - Total: 10
Computed language detection accuracy:
    - Words accuracy: 0.2
    - Periods accuracy: 0.8
    - Batch accuracy: 0.5
Execution time: 0.19093656539916992 s
Average detection time for single input: 19.093656539916992 ms

Report generated on DEUTUSCH language detection test batch:
Input:
    - Words: 5
    - Periods: 5
    - Total: 10
Computed language detection accuracy:
    - Words accuracy: 0.4
    - Periods accuracy: 1.0
    - Batch accuracy: 0.7
Execution time: 0.15819001197814941 s
Average detection time for single input: 15.819001197814941 ms

Report generated on ARABIC language detection test batch:
Input:
    - Words: 5
    - Periods: 5
    - Total: 10
Computed language detection accuracy:
    - Words accuracy: 1.0
    - Periods accuracy: 1.0
    - Batch accuracy: 1.0
Execution time: 0.20158648490905762 s
Average detection time for single input: 20.15864849090576 ms

Report generated on RUSSIAN language detection test batch:
Input:
    - Words: 5
    - Periods: 5
    - Total: 10
Computed language detection accuracy:
    - Words accuracy: 0.6
    - Periods accuracy: 1.0
    - Batch accuracy: 0.8
Execution time: 0.17036867141723633 s
Average detection time for single input: 17.036867141723633 ms

Report generated on MULTIPLE LANGUAGE language detection test batch:
Input:
    - Words: 129
    - Periods: 101
    - Total: 230
Computed language detection accuracy:
    - Words accuracy: 0.6046511627906976
    - Periods accuracy: 0.9405940594059405
    - Batch accuracy: 0.7521739130434782
Execution time: 3.6688430309295654 s
Average detection time for single input: 15.951491438824197 ms

Language detection on WORDS:

Report generated on DEUTUSCH language detection test batch:
Input:
    - Words: 20
    - Periods: 0
    - Total: 20
Computed language detection accuracy:
    - Words accuracy: 0.45
    - Periods accuracy: None
    - Batch accuracy: 0.45
Execution time: 0.28793859481811523 s
Average detection time for single input: 14.396929740905762 ms

Report generated on ENGLISH language detection test batch:
Input:
    - Words: 20
    - Periods: 0
    - Total: 20
Computed language detection accuracy:
    - Words accuracy: 0.35
    - Periods accuracy: None
    - Batch accuracy: 0.35
Execution time: 0.26571083068847656 s
Average detection time for single input: 13.285541534423828 ms

Report generated on ITALIAN language detection test batch:
Input:
    - Words: 20
    - Periods: 0
    - Total: 20
Computed language detection accuracy:
    - Words accuracy: 0.45
    - Periods accuracy: None
    - Batch accuracy: 0.45
Execution time: 0.2647972106933594 s
Average detection time for single input: 13.239860534667969 ms

Report generated on FRENCH language detection test batch:
Input:
    - Words: 20
    - Periods: 0
    - Total: 20
Computed language detection accuracy:
    - Words accuracy: 0.75
    - Periods accuracy: None
    - Batch accuracy: 0.75
Execution time: 0.2937479019165039 s
Average detection time for single input: 14.687395095825195 ms

Report generated on SPANISH language detection test batch:
Input:
    - Words: 20
    - Periods: 0
    - Total: 20
Computed language detection accuracy:
    - Words accuracy: 0.4
    - Periods accuracy: None
    - Batch accuracy: 0.4
Execution time: 0.2651050090789795 s
Average detection time for single input: 13.255250453948975 ms

******************************************************************
GLOBAL report for language detection test module:
Input:
    - Words: 259
    - Periods: 131
    - Total: 390
Computed global language detection accuracy:
    - Words accuracy: 0.5405405405405406
    - Periods accuracy: 0.9465648854961832
    - Module accuracy: 0.676923076923077
Total elapsed time: 6.363332986831665 s
Average detection time for single input: 16.316238427773502 ms
******************************************************************
